<?xml version="1.0" encoding="UTF-8"?>
<testsuite name="ASESpaghettiCode.TravelNoteServer.Controller.CommentControllerTest" tests="4" skipped="0" failures="0" errors="0" timestamp="2023-05-06T12:54:02" hostname="DESKTOP-DP4LJM3" time="0.381">
  <properties/>
  <testcase name="deleteCommentTest()" classname="ASESpaghettiCode.TravelNoteServer.Controller.CommentControllerTest" time="0.13"/>
  <testcase name="createCommentForAGivenNoteTest()" classname="ASESpaghettiCode.TravelNoteServer.Controller.CommentControllerTest" time="0.215"/>
  <testcase name="getCommentsByNoteIdTest()" classname="ASESpaghettiCode.TravelNoteServer.Controller.CommentControllerTest" time="0.019"/>
  <testcase name="updateCommentTest()" classname="ASESpaghettiCode.TravelNoteServer.Controller.CommentControllerTest" time="0.01"/>
  <system-out><![CDATA[2023-05-06 14:54:01.361  INFO 14644 --- [    Test worker] .b.t.a.w.s.WebMvcTestContextBootstrapper : Neither @ContextConfiguration nor @ContextHierarchy found for test class [ASESpaghettiCode.TravelNoteServer.Controller.CommentControllerTest], using SpringBootContextLoader
2023-05-06 14:54:01.363  INFO 14644 --- [    Test worker] o.s.t.c.support.AbstractContextLoader    : Could not detect default resource locations for test class [ASESpaghettiCode.TravelNoteServer.Controller.CommentControllerTest]: no resource found for suffixes {-context.xml, Context.groovy}.
2023-05-06 14:54:01.364  INFO 14644 --- [    Test worker] t.c.s.AnnotationConfigContextLoaderUtils : Could not detect default configuration classes for test class [ASESpaghettiCode.TravelNoteServer.Controller.CommentControllerTest]: CommentControllerTest does not declare any static, non-private, non-final, nested classes annotated with @Configuration.
2023-05-06 14:54:01.398  INFO 14644 --- [    Test worker] .b.t.c.SpringBootTestContextBootstrapper : Found @SpringBootConfiguration ASESpaghettiCode.TravelNoteServer.TravelNoteServerApplication for test class ASESpaghettiCode.TravelNoteServer.Controller.CommentControllerTest
2023-05-06 14:54:01.399  INFO 14644 --- [    Test worker] .b.t.a.w.s.WebMvcTestContextBootstrapper : Loaded default TestExecutionListener class names from location [META-INF/spring.factories]: [org.springframework.boot.test.autoconfigure.restdocs.RestDocsTestExecutionListener, org.springframework.boot.test.autoconfigure.web.client.MockRestServiceServerResetTestExecutionListener, org.springframework.boot.test.autoconfigure.web.servlet.MockMvcPrintOnlyOnFailureTestExecutionListener, org.springframework.boot.test.autoconfigure.web.servlet.WebDriverTestExecutionListener, org.springframework.boot.test.autoconfigure.webservices.client.MockWebServiceServerTestExecutionListener, org.springframework.boot.test.mock.mockito.MockitoTestExecutionListener, org.springframework.boot.test.mock.mockito.ResetMocksTestExecutionListener, org.springframework.test.context.web.ServletTestExecutionListener, org.springframework.test.context.support.DirtiesContextBeforeModesTestExecutionListener, org.springframework.test.context.event.ApplicationEventsTestExecutionListener, org.springframework.test.context.support.DependencyInjectionTestExecutionListener, org.springframework.test.context.support.DirtiesContextTestExecutionListener, org.springframework.test.context.transaction.TransactionalTestExecutionListener, org.springframework.test.context.jdbc.SqlScriptsTestExecutionListener, org.springframework.test.context.event.EventPublishingTestExecutionListener]
2023-05-06 14:54:01.400  INFO 14644 --- [    Test worker] .b.t.a.w.s.WebMvcTestContextBootstrapper : Using TestExecutionListeners: [org.springframework.test.context.web.ServletTestExecutionListener@1f6fe574, org.springframework.test.context.support.DirtiesContextBeforeModesTestExecutionListener@4e6b3894, org.springframework.test.context.event.ApplicationEventsTestExecutionListener@5b2728db, org.springframework.boot.test.mock.mockito.MockitoTestExecutionListener@32be264e, org.springframework.boot.test.autoconfigure.SpringBootDependencyInjectionTestExecutionListener@521a3128, org.springframework.test.context.support.DirtiesContextTestExecutionListener@45220c67, org.springframework.test.context.transaction.TransactionalTestExecutionListener@272185e8, org.springframework.test.context.jdbc.SqlScriptsTestExecutionListener@64ee4b14, org.springframework.test.context.event.EventPublishingTestExecutionListener@67feb5d0, org.springframework.boot.test.autoconfigure.restdocs.RestDocsTestExecutionListener@326acc7c, org.springframework.boot.test.autoconfigure.web.client.MockRestServiceServerResetTestExecutionListener@19cf111c, org.springframework.boot.test.autoconfigure.web.servlet.MockMvcPrintOnlyOnFailureTestExecutionListener@fef4fda, org.springframework.boot.test.autoconfigure.web.servlet.WebDriverTestExecutionListener@1d2d3bc2, org.springframework.boot.test.autoconfigure.webservices.client.MockWebServiceServerTestExecutionListener@79c01d37, org.springframework.boot.test.mock.mockito.ResetMocksTestExecutionListener@18e6b4e2]

  .   ____          _            __ _ _
 /\\ / ___'_ __ _ _(_)_ __  __ _ \ \ \ \
( ( )\___ | '_ | '_| | '_ \/ _` | \ \ \ \
 \\/  ___)| |_)| | | | | || (_| |  ) ) ) )
  '  |____| .__|_| |_|_| |_\__, | / / / /
 =========|_|==============|___/=/_/_/_/
 :: Spring Boot ::                (v2.7.9)

2023-05-06 14:54:01.445  INFO 14644 --- [    Test worker] A.T.Controller.CommentControllerTest     : Starting CommentControllerTest using Java 15.0.2 on DESKTOP-DP4LJM3 with PID 14644 (started by Guan in F:\ASE\Plan2Go-travalNote-server)
2023-05-06 14:54:01.446  INFO 14644 --- [    Test worker] A.T.Controller.CommentControllerTest     : No active profile set, falling back to 1 default profile: "default"
2023-05-06 14:54:02.235  INFO 14644 --- [    Test worker] o.s.b.t.m.w.SpringBootMockServletContext : Initializing Spring TestDispatcherServlet ''
2023-05-06 14:54:02.235  INFO 14644 --- [    Test worker] o.s.t.web.servlet.TestDispatcherServlet  : Initializing Servlet ''
2023-05-06 14:54:02.236  INFO 14644 --- [    Test worker] o.s.t.web.servlet.TestDispatcherServlet  : Completed initialization in 0 ms
2023-05-06 14:54:02.258  INFO 14644 --- [    Test worker] A.T.Controller.CommentControllerTest     : Started CommentControllerTest in 0.848 seconds (JVM running for 9.48)
]]></system-out>
  <system-err><![CDATA[]]></system-err>
</testsuite>
