<?xml version="1.0" encoding="UTF-8"?>
<testsuite name="ASESpaghettiCode.TravelNoteServer.Controller.CommentControllerTest" tests="4" skipped="0" failures="0" errors="0" timestamp="2023-05-21T14:54:16" hostname="MacBook-Pro.local" time="0.292">
  <properties/>
  <testcase name="deleteCommentTest()" classname="ASESpaghettiCode.TravelNoteServer.Controller.CommentControllerTest" time="0.097"/>
  <testcase name="createCommentForAGivenNoteTest()" classname="ASESpaghettiCode.TravelNoteServer.Controller.CommentControllerTest" time="0.158"/>
  <testcase name="getCommentsByNoteIdTest()" classname="ASESpaghettiCode.TravelNoteServer.Controller.CommentControllerTest" time="0.02"/>
  <testcase name="updateCommentTest()" classname="ASESpaghettiCode.TravelNoteServer.Controller.CommentControllerTest" time="0.011"/>
  <system-out><![CDATA[2023-05-21 16:54:16.023  INFO 33717 --- [    Test worker] .b.t.a.w.s.WebMvcTestContextBootstrapper : Neither @ContextConfiguration nor @ContextHierarchy found for test class [ASESpaghettiCode.TravelNoteServer.Controller.CommentControllerTest], using SpringBootContextLoader
2023-05-21 16:54:16.025  INFO 33717 --- [    Test worker] o.s.t.c.support.AbstractContextLoader    : Could not detect default resource locations for test class [ASESpaghettiCode.TravelNoteServer.Controller.CommentControllerTest]: no resource found for suffixes {-context.xml, Context.groovy}.
2023-05-21 16:54:16.025  INFO 33717 --- [    Test worker] t.c.s.AnnotationConfigContextLoaderUtils : Could not detect default configuration classes for test class [ASESpaghettiCode.TravelNoteServer.Controller.CommentControllerTest]: CommentControllerTest does not declare any static, non-private, non-final, nested classes annotated with @Configuration.
2023-05-21 16:54:16.054  INFO 33717 --- [    Test worker] .b.t.c.SpringBootTestContextBootstrapper : Found @SpringBootConfiguration ASESpaghettiCode.TravelNoteServer.TravelNoteServerApplication for test class ASESpaghettiCode.TravelNoteServer.Controller.CommentControllerTest
2023-05-21 16:54:16.055  INFO 33717 --- [    Test worker] .b.t.a.w.s.WebMvcTestContextBootstrapper : Loaded default TestExecutionListener class names from location [META-INF/spring.factories]: [org.springframework.boot.test.autoconfigure.restdocs.RestDocsTestExecutionListener, org.springframework.boot.test.autoconfigure.web.client.MockRestServiceServerResetTestExecutionListener, org.springframework.boot.test.autoconfigure.web.servlet.MockMvcPrintOnlyOnFailureTestExecutionListener, org.springframework.boot.test.autoconfigure.web.servlet.WebDriverTestExecutionListener, org.springframework.boot.test.autoconfigure.webservices.client.MockWebServiceServerTestExecutionListener, org.springframework.boot.test.mock.mockito.MockitoTestExecutionListener, org.springframework.boot.test.mock.mockito.ResetMocksTestExecutionListener, org.springframework.test.context.web.ServletTestExecutionListener, org.springframework.test.context.support.DirtiesContextBeforeModesTestExecutionListener, org.springframework.test.context.event.ApplicationEventsTestExecutionListener, org.springframework.test.context.support.DependencyInjectionTestExecutionListener, org.springframework.test.context.support.DirtiesContextTestExecutionListener, org.springframework.test.context.transaction.TransactionalTestExecutionListener, org.springframework.test.context.jdbc.SqlScriptsTestExecutionListener, org.springframework.test.context.event.EventPublishingTestExecutionListener]
2023-05-21 16:54:16.056  INFO 33717 --- [    Test worker] .b.t.a.w.s.WebMvcTestContextBootstrapper : Using TestExecutionListeners: [org.springframework.test.context.web.ServletTestExecutionListener@6f42f729, org.springframework.test.context.support.DirtiesContextBeforeModesTestExecutionListener@7c000414, org.springframework.test.context.event.ApplicationEventsTestExecutionListener@23e0daf0, org.springframework.boot.test.mock.mockito.MockitoTestExecutionListener@5c30a581, org.springframework.boot.test.autoconfigure.SpringBootDependencyInjectionTestExecutionListener@2433ea91, org.springframework.test.context.support.DirtiesContextTestExecutionListener@58ef7aa7, org.springframework.test.context.transaction.TransactionalTestExecutionListener@7d7d1c10, org.springframework.test.context.jdbc.SqlScriptsTestExecutionListener@24b8b293, org.springframework.test.context.event.EventPublishingTestExecutionListener@1fe4b3f7, org.springframework.boot.test.autoconfigure.restdocs.RestDocsTestExecutionListener@3cfdc8ee, org.springframework.boot.test.autoconfigure.web.client.MockRestServiceServerResetTestExecutionListener@2975cefd, org.springframework.boot.test.autoconfigure.web.servlet.MockMvcPrintOnlyOnFailureTestExecutionListener@48b8cd6a, org.springframework.boot.test.autoconfigure.web.servlet.WebDriverTestExecutionListener@72f9a481, org.springframework.boot.test.autoconfigure.webservices.client.MockWebServiceServerTestExecutionListener@2091b888, org.springframework.boot.test.mock.mockito.ResetMocksTestExecutionListener@27149841]

  .   ____          _            __ _ _
 /\\ / ___'_ __ _ _(_)_ __  __ _ \ \ \ \
( ( )\___ | '_ | '_| | '_ \/ _` | \ \ \ \
 \\/  ___)| |_)| | | | | || (_| |  ) ) ) )
  '  |____| .__|_| |_|_| |_\__, | / / / /
 =========|_|==============|___/=/_/_/_/
 :: Spring Boot ::                (v2.7.9)

2023-05-21 16:54:16.111  INFO 33717 --- [    Test worker] A.T.Controller.CommentControllerTest     : Starting CommentControllerTest using Java 11.0.18 on MacBook-Pro.local with PID 33717 (started by mac in /Users/mac/IdeaProjects/Plan2Go-travalNote-server)
2023-05-21 16:54:16.112  INFO 33717 --- [    Test worker] A.T.Controller.CommentControllerTest     : No active profile set, falling back to 1 default profile: "default"
2023-05-21 16:54:16.577  INFO 33717 --- [    Test worker] o.s.b.t.m.w.SpringBootMockServletContext : Initializing Spring TestDispatcherServlet ''
2023-05-21 16:54:16.578  INFO 33717 --- [    Test worker] o.s.t.web.servlet.TestDispatcherServlet  : Initializing Servlet ''
2023-05-21 16:54:16.579  INFO 33717 --- [    Test worker] o.s.t.web.servlet.TestDispatcherServlet  : Completed initialization in 1 ms
2023-05-21 16:54:16.608  INFO 33717 --- [    Test worker] A.T.Controller.CommentControllerTest     : Started CommentControllerTest in 0.548 seconds (JVM running for 9.316)
]]></system-out>
  <system-err><![CDATA[]]></system-err>
</testsuite>
