<?xml version="1.0" encoding="UTF-8"?>
<testsuite name="ASESpaghettiCode.TravelNoteServer.Service.CommentServiceTest" tests="9" skipped="0" failures="0" errors="0" timestamp="2023-05-21T14:54:17" hostname="MacBook-Pro.local" time="0.049">
  <properties/>
  <testcase name="updateComment_Fail_NoComment()" classname="ASESpaghettiCode.TravelNoteServer.Service.CommentServiceTest" time="0.002"/>
  <testcase name="updateComment_Fail_Unauthorized()" classname="ASESpaghettiCode.TravelNoteServer.Service.CommentServiceTest" time="0.002"/>
  <testcase name="findCommentsByNoteIdTest_Success()" classname="ASESpaghettiCode.TravelNoteServer.Service.CommentServiceTest" time="0.003"/>
  <testcase name="deleteCommentTest_Fail_Unauthorized()" classname="ASESpaghettiCode.TravelNoteServer.Service.CommentServiceTest" time="0.002"/>
  <testcase name="updateComment_Success()" classname="ASESpaghettiCode.TravelNoteServer.Service.CommentServiceTest" time="0.002"/>
  <testcase name="deleteCommentTest_Fail_NoNote()" classname="ASESpaghettiCode.TravelNoteServer.Service.CommentServiceTest" time="0.003"/>
  <testcase name="findCommentsByNoteIdTest_Fail()" classname="ASESpaghettiCode.TravelNoteServer.Service.CommentServiceTest" time="0.002"/>
  <testcase name="deleteCommentTest_Success()" classname="ASESpaghettiCode.TravelNoteServer.Service.CommentServiceTest" time="0.003"/>
  <testcase name="deleteCommentTest_Fail_NoComment()" classname="ASESpaghettiCode.TravelNoteServer.Service.CommentServiceTest" time="0.002"/>
  <system-out><![CDATA[]]></system-out>
  <system-err><![CDATA[]]></system-err>
</testsuite>
