<?xml version="1.0" encoding="UTF-8"?>
<testsuite name="ASESpaghettiCode.TravelNoteServer.TravelNoteServerApplicationTests" tests="1" skipped="0" failures="0" errors="0" timestamp="2023-05-21T14:54:16" hostname="MacBook-Pro.local" time="0.006">
  <properties/>
  <testcase name="contextLoads()" classname="ASESpaghettiCode.TravelNoteServer.TravelNoteServerApplicationTests" time="0.006"/>
  <system-out><![CDATA[2023-05-21 16:54:15.992  INFO 33717 --- [    Test worker] .b.t.c.SpringBootTestContextBootstrapper : Neither @ContextConfiguration nor @ContextHierarchy found for test class [ASESpaghettiCode.TravelNoteServer.TravelNoteServerApplicationTests], using SpringBootContextLoader
2023-05-21 16:54:15.993  INFO 33717 --- [    Test worker] o.s.t.c.support.AbstractContextLoader    : Could not detect default resource locations for test class [ASESpaghettiCode.TravelNoteServer.TravelNoteServerApplicationTests]: no resource found for suffixes {-context.xml, Context.groovy}.
2023-05-21 16:54:15.993  INFO 33717 --- [    Test worker] t.c.s.AnnotationConfigContextLoaderUtils : Could not detect default configuration classes for test class [ASESpaghettiCode.TravelNoteServer.TravelNoteServerApplicationTests]: TravelNoteServerApplicationTests does not declare any static, non-private, non-final, nested classes annotated with @Configuration.
2023-05-21 16:54:15.999  INFO 33717 --- [    Test worker] .b.t.c.SpringBootTestContextBootstrapper : Found @SpringBootConfiguration ASESpaghettiCode.TravelNoteServer.TravelNoteServerApplication for test class ASESpaghettiCode.TravelNoteServer.TravelNoteServerApplicationTests
2023-05-21 16:54:16.001  INFO 33717 --- [    Test worker] .b.t.c.SpringBootTestContextBootstrapper : Loaded default TestExecutionListener class names from location [META-INF/spring.factories]: [org.springframework.boot.test.autoconfigure.restdocs.RestDocsTestExecutionListener, org.springframework.boot.test.autoconfigure.web.client.MockRestServiceServerResetTestExecutionListener, org.springframework.boot.test.autoconfigure.web.servlet.MockMvcPrintOnlyOnFailureTestExecutionListener, org.springframework.boot.test.autoconfigure.web.servlet.WebDriverTestExecutionListener, org.springframework.boot.test.autoconfigure.webservices.client.MockWebServiceServerTestExecutionListener, org.springframework.boot.test.mock.mockito.MockitoTestExecutionListener, org.springframework.boot.test.mock.mockito.ResetMocksTestExecutionListener, org.springframework.test.context.web.ServletTestExecutionListener, org.springframework.test.context.support.DirtiesContextBeforeModesTestExecutionListener, org.springframework.test.context.event.ApplicationEventsTestExecutionListener, org.springframework.test.context.support.DependencyInjectionTestExecutionListener, org.springframework.test.context.support.DirtiesContextTestExecutionListener, org.springframework.test.context.transaction.TransactionalTestExecutionListener, org.springframework.test.context.jdbc.SqlScriptsTestExecutionListener, org.springframework.test.context.event.EventPublishingTestExecutionListener]
2023-05-21 16:54:16.002  INFO 33717 --- [    Test worker] .b.t.c.SpringBootTestContextBootstrapper : Using TestExecutionListeners: [org.springframework.test.context.web.ServletTestExecutionListener@73a95ff8, org.springframework.test.context.support.DirtiesContextBeforeModesTestExecutionListener@6aeabcb0, org.springframework.test.context.event.ApplicationEventsTestExecutionListener@693eb652, org.springframework.boot.test.mock.mockito.MockitoTestExecutionListener@13019d49, org.springframework.boot.test.autoconfigure.SpringBootDependencyInjectionTestExecutionListener@2aee464e, org.springframework.test.context.support.DirtiesContextTestExecutionListener@155e709f, org.springframework.test.context.transaction.TransactionalTestExecutionListener@9cec840, org.springframework.test.context.jdbc.SqlScriptsTestExecutionListener@16bae7e5, org.springframework.test.context.event.EventPublishingTestExecutionListener@4e3e0f4a, org.springframework.boot.test.autoconfigure.restdocs.RestDocsTestExecutionListener@2882549a, org.springframework.boot.test.autoconfigure.web.client.MockRestServiceServerResetTestExecutionListener@57f11502, org.springframework.boot.test.autoconfigure.web.servlet.MockMvcPrintOnlyOnFailureTestExecutionListener@16b545d6, org.springframework.boot.test.autoconfigure.web.servlet.WebDriverTestExecutionListener@284f5c15, org.springframework.boot.test.autoconfigure.webservices.client.MockWebServiceServerTestExecutionListener@1253eb02, org.springframework.boot.test.mock.mockito.ResetMocksTestExecutionListener@4d55a54f]
]]></system-out>
  <system-err><![CDATA[]]></system-err>
</testsuite>
