<?xml version="1.0" encoding="UTF-8"?>
<testsuite name="ASESpaghettiCode.TravelNoteServer.Controller.NoteControllerTest" tests="9" skipped="0" failures="0" errors="0" timestamp="2023-05-06T12:54:03" hostname="DESKTOP-DP4LJM3" time="0.218">
  <properties/>
  <testcase name="findFollowingNotesTest()" classname="ASESpaghettiCode.TravelNoteServer.Controller.NoteControllerTest" time="0.057"/>
  <testcase name="createNoteTest()" classname="ASESpaghettiCode.TravelNoteServer.Controller.NoteControllerTest" time="0.044"/>
  <testcase name="findNotesByUser()" classname="ASESpaghettiCode.TravelNoteServer.Controller.NoteControllerTest" time="0.013"/>
  <testcase name="findAllNotesTest()" classname="ASESpaghettiCode.TravelNoteServer.Controller.NoteControllerTest" time="0.014"/>
  <testcase name="userUnlikeNoteTest()" classname="ASESpaghettiCode.TravelNoteServer.Controller.NoteControllerTest" time="0.009"/>
  <testcase name="deleteNoteTest()" classname="ASESpaghettiCode.TravelNoteServer.Controller.NoteControllerTest" time="0.01"/>
  <testcase name="updateNote()" classname="ASESpaghettiCode.TravelNoteServer.Controller.NoteControllerTest" time="0.017"/>
  <testcase name="userLikeNoteTest()" classname="ASESpaghettiCode.TravelNoteServer.Controller.NoteControllerTest" time="0.018"/>
  <testcase name="findNoteByIdTest()" classname="ASESpaghettiCode.TravelNoteServer.Controller.NoteControllerTest" time="0.018"/>
  <system-out><![CDATA[2023-05-06 14:54:02.652  INFO 14644 --- [    Test worker] .b.t.a.w.s.WebMvcTestContextBootstrapper : Neither @ContextConfiguration nor @ContextHierarchy found for test class [ASESpaghettiCode.TravelNoteServer.Controller.NoteControllerTest], using SpringBootContextLoader
2023-05-06 14:54:02.653  INFO 14644 --- [    Test worker] o.s.t.c.support.AbstractContextLoader    : Could not detect default resource locations for test class [ASESpaghettiCode.TravelNoteServer.Controller.NoteControllerTest]: no resource found for suffixes {-context.xml, Context.groovy}.
2023-05-06 14:54:02.654  INFO 14644 --- [    Test worker] t.c.s.AnnotationConfigContextLoaderUtils : Could not detect default configuration classes for test class [ASESpaghettiCode.TravelNoteServer.Controller.NoteControllerTest]: NoteControllerTest does not declare any static, non-private, non-final, nested classes annotated with @Configuration.
2023-05-06 14:54:02.661  INFO 14644 --- [    Test worker] .b.t.c.SpringBootTestContextBootstrapper : Found @SpringBootConfiguration ASESpaghettiCode.TravelNoteServer.TravelNoteServerApplication for test class ASESpaghettiCode.TravelNoteServer.Controller.NoteControllerTest
2023-05-06 14:54:02.663  INFO 14644 --- [    Test worker] .b.t.a.w.s.WebMvcTestContextBootstrapper : Loaded default TestExecutionListener class names from location [META-INF/spring.factories]: [org.springframework.boot.test.autoconfigure.restdocs.RestDocsTestExecutionListener, org.springframework.boot.test.autoconfigure.web.client.MockRestServiceServerResetTestExecutionListener, org.springframework.boot.test.autoconfigure.web.servlet.MockMvcPrintOnlyOnFailureTestExecutionListener, org.springframework.boot.test.autoconfigure.web.servlet.WebDriverTestExecutionListener, org.springframework.boot.test.autoconfigure.webservices.client.MockWebServiceServerTestExecutionListener, org.springframework.boot.test.mock.mockito.MockitoTestExecutionListener, org.springframework.boot.test.mock.mockito.ResetMocksTestExecutionListener, org.springframework.test.context.web.ServletTestExecutionListener, org.springframework.test.context.support.DirtiesContextBeforeModesTestExecutionListener, org.springframework.test.context.event.ApplicationEventsTestExecutionListener, org.springframework.test.context.support.DependencyInjectionTestExecutionListener, org.springframework.test.context.support.DirtiesContextTestExecutionListener, org.springframework.test.context.transaction.TransactionalTestExecutionListener, org.springframework.test.context.jdbc.SqlScriptsTestExecutionListener, org.springframework.test.context.event.EventPublishingTestExecutionListener]
2023-05-06 14:54:02.664  INFO 14644 --- [    Test worker] .b.t.a.w.s.WebMvcTestContextBootstrapper : Using TestExecutionListeners: [org.springframework.test.context.web.ServletTestExecutionListener@5eb66704, org.springframework.test.context.support.DirtiesContextBeforeModesTestExecutionListener@76ba2139, org.springframework.test.context.event.ApplicationEventsTestExecutionListener@ec4e9e4, org.springframework.boot.test.mock.mockito.MockitoTestExecutionListener@53a49745, org.springframework.boot.test.autoconfigure.SpringBootDependencyInjectionTestExecutionListener@3ec75472, org.springframework.test.context.support.DirtiesContextTestExecutionListener@1953197a, org.springframework.test.context.transaction.TransactionalTestExecutionListener@30f1487d, org.springframework.test.context.jdbc.SqlScriptsTestExecutionListener@4798ff99, org.springframework.test.context.event.EventPublishingTestExecutionListener@437847dc, org.springframework.boot.test.autoconfigure.restdocs.RestDocsTestExecutionListener@42e11e00, org.springframework.boot.test.autoconfigure.web.client.MockRestServiceServerResetTestExecutionListener@78690481, org.springframework.boot.test.autoconfigure.web.servlet.MockMvcPrintOnlyOnFailureTestExecutionListener@780d5822, org.springframework.boot.test.autoconfigure.web.servlet.WebDriverTestExecutionListener@79cab658, org.springframework.boot.test.autoconfigure.webservices.client.MockWebServiceServerTestExecutionListener@3391a67f, org.springframework.boot.test.mock.mockito.ResetMocksTestExecutionListener@3ecf180]

  .   ____          _            __ _ _
 /\\ / ___'_ __ _ _(_)_ __  __ _ \ \ \ \
( ( )\___ | '_ | '_| | '_ \/ _` | \ \ \ \
 \\/  ___)| |_)| | | | | || (_| |  ) ) ) )
  '  |____| .__|_| |_|_| |_\__, | / / / /
 =========|_|==============|___/=/_/_/_/
 :: Spring Boot ::                (v2.7.9)

2023-05-06 14:54:02.699  INFO 14644 --- [    Test worker] A.T.Controller.NoteControllerTest        : Starting NoteControllerTest using Java 15.0.2 on DESKTOP-DP4LJM3 with PID 14644 (started by Guan in F:\ASE\Plan2Go-travalNote-server)
2023-05-06 14:54:02.700  INFO 14644 --- [    Test worker] A.T.Controller.NoteControllerTest        : No active profile set, falling back to 1 default profile: "default"
2023-05-06 14:54:03.682  INFO 14644 --- [    Test worker] o.s.b.t.m.w.SpringBootMockServletContext : Initializing Spring TestDispatcherServlet ''
2023-05-06 14:54:03.682  INFO 14644 --- [    Test worker] o.s.t.web.servlet.TestDispatcherServlet  : Initializing Servlet ''
2023-05-06 14:54:03.684  INFO 14644 --- [    Test worker] o.s.t.web.servlet.TestDispatcherServlet  : Completed initialization in 1 ms
2023-05-06 14:54:03.704  INFO 14644 --- [    Test worker] A.T.Controller.NoteControllerTest        : Started NoteControllerTest in 1.034 seconds (JVM running for 10.924)
]]></system-out>
  <system-err><![CDATA[]]></system-err>
</testsuite>
