<?xml version="1.0" encoding="UTF-8"?>
<testsuite name="ASESpaghettiCode.TravelNoteServer.Service.NoteServiceTest" tests="15" skipped="0" failures="0" errors="0" timestamp="2023-05-21T14:54:15" hostname="MacBook-Pro.local" time="0.365">
  <properties/>
  <testcase name="createNoteTest()" classname="ASESpaghettiCode.TravelNoteServer.Service.NoteServiceTest" time="0.076"/>
  <testcase name="findNotesByIdTest_Success()" classname="ASESpaghettiCode.TravelNoteServer.Service.NoteServiceTest" time="0.01"/>
  <testcase name="findNotesByUserIdTest()" classname="ASESpaghettiCode.TravelNoteServer.Service.NoteServiceTest" time="0.005"/>
  <testcase name="findAllNotesTest()" classname="ASESpaghettiCode.TravelNoteServer.Service.NoteServiceTest" time="0.004"/>
  <testcase name="userUnlikesNoteTest_Fail()" classname="ASESpaghettiCode.TravelNoteServer.Service.NoteServiceTest" time="0.006"/>
  <testcase name="updateNoteTest_Fail_NoNote()" classname="ASESpaghettiCode.TravelNoteServer.Service.NoteServiceTest" time="0.005"/>
  <testcase name="deleteNoteTest_Fail_Unauthorized()" classname="ASESpaghettiCode.TravelNoteServer.Service.NoteServiceTest" time="0.006"/>
  <testcase name="findNotesByIdTest_Fail()" classname="ASESpaghettiCode.TravelNoteServer.Service.NoteServiceTest" time="0.005"/>
  <testcase name="deleteNoteTest_Fail_NoNote()" classname="ASESpaghettiCode.TravelNoteServer.Service.NoteServiceTest" time="0.005"/>
  <testcase name="findNotesOfFolloweesTest_Success()" classname="ASESpaghettiCode.TravelNoteServer.Service.NoteServiceTest" time="0.008"/>
  <testcase name="updateNoteTest_Fail_Unauthorized()" classname="ASESpaghettiCode.TravelNoteServer.Service.NoteServiceTest" time="0.005"/>
  <testcase name="addUsernameImagePathtotheNotelistTest_Fail()" classname="ASESpaghettiCode.TravelNoteServer.Service.NoteServiceTest" time="0.124"/>
  <testcase name="deleteNoteTest_Success()" classname="ASESpaghettiCode.TravelNoteServer.Service.NoteServiceTest" time="0.028"/>
  <testcase name="updateNoteTest_Success()" classname="ASESpaghettiCode.TravelNoteServer.Service.NoteServiceTest" time="0.009"/>
  <testcase name="findNotesOfFolloweesTest_Fail()" classname="ASESpaghettiCode.TravelNoteServer.Service.NoteServiceTest" time="0.008"/>
  <system-out><![CDATA[16:54:08.874 [Test worker] DEBUG org.springframework.test.context.BootstrapUtils - Instantiating CacheAwareContextLoaderDelegate from class [org.springframework.test.context.cache.DefaultCacheAwareContextLoaderDelegate]
16:54:08.896 [Test worker] DEBUG org.springframework.test.context.BootstrapUtils - Instantiating BootstrapContext using constructor [public org.springframework.test.context.support.DefaultBootstrapContext(java.lang.Class,org.springframework.test.context.CacheAwareContextLoaderDelegate)]
16:54:08.968 [Test worker] DEBUG org.springframework.test.context.BootstrapUtils - Instantiating TestContextBootstrapper for test class [ASESpaghettiCode.TravelNoteServer.Service.NoteServiceTest] from class [org.springframework.boot.test.context.SpringBootTestContextBootstrapper]
16:54:08.991 [Test worker] INFO org.springframework.boot.test.context.SpringBootTestContextBootstrapper - Neither @ContextConfiguration nor @ContextHierarchy found for test class [ASESpaghettiCode.TravelNoteServer.Service.NoteServiceTest], using SpringBootContextLoader
16:54:09.000 [Test worker] DEBUG org.springframework.test.context.support.AbstractContextLoader - Did not detect default resource location for test class [ASESpaghettiCode.TravelNoteServer.Service.NoteServiceTest]: class path resource [ASESpaghettiCode/TravelNoteServer/Service/NoteServiceTest-context.xml] does not exist
16:54:09.001 [Test worker] DEBUG org.springframework.test.context.support.AbstractContextLoader - Did not detect default resource location for test class [ASESpaghettiCode.TravelNoteServer.Service.NoteServiceTest]: class path resource [ASESpaghettiCode/TravelNoteServer/Service/NoteServiceTestContext.groovy] does not exist
16:54:09.001 [Test worker] INFO org.springframework.test.context.support.AbstractContextLoader - Could not detect default resource locations for test class [ASESpaghettiCode.TravelNoteServer.Service.NoteServiceTest]: no resource found for suffixes {-context.xml, Context.groovy}.
16:54:09.003 [Test worker] INFO org.springframework.test.context.support.AnnotationConfigContextLoaderUtils - Could not detect default configuration classes for test class [ASESpaghettiCode.TravelNoteServer.Service.NoteServiceTest]: NoteServiceTest does not declare any static, non-private, non-final, nested classes annotated with @Configuration.
16:54:09.082 [Test worker] DEBUG org.springframework.test.context.support.ActiveProfilesUtils - Could not find an 'annotation declaring class' for annotation type [org.springframework.test.context.ActiveProfiles] and class [ASESpaghettiCode.TravelNoteServer.Service.NoteServiceTest]
16:54:09.232 [Test worker] DEBUG org.springframework.context.annotation.ClassPathScanningCandidateComponentProvider - Identified candidate component class: file [/Users/mac/IdeaProjects/Plan2Go-travalNote-server/build/classes/java/main/ASESpaghettiCode/TravelNoteServer/TravelNoteServerApplication.class]
16:54:09.233 [Test worker] INFO org.springframework.boot.test.context.SpringBootTestContextBootstrapper - Found @SpringBootConfiguration ASESpaghettiCode.TravelNoteServer.TravelNoteServerApplication for test class ASESpaghettiCode.TravelNoteServer.Service.NoteServiceTest
16:54:09.755 [Test worker] DEBUG org.springframework.boot.test.context.SpringBootTestContextBootstrapper - @TestExecutionListeners is not present for class [ASESpaghettiCode.TravelNoteServer.Service.NoteServiceTest]: using defaults.
16:54:09.756 [Test worker] INFO org.springframework.boot.test.context.SpringBootTestContextBootstrapper - Loaded default TestExecutionListener class names from location [META-INF/spring.factories]: [org.springframework.boot.test.autoconfigure.restdocs.RestDocsTestExecutionListener, org.springframework.boot.test.autoconfigure.web.client.MockRestServiceServerResetTestExecutionListener, org.springframework.boot.test.autoconfigure.web.servlet.MockMvcPrintOnlyOnFailureTestExecutionListener, org.springframework.boot.test.autoconfigure.web.servlet.WebDriverTestExecutionListener, org.springframework.boot.test.autoconfigure.webservices.client.MockWebServiceServerTestExecutionListener, org.springframework.boot.test.mock.mockito.MockitoTestExecutionListener, org.springframework.boot.test.mock.mockito.ResetMocksTestExecutionListener, org.springframework.test.context.web.ServletTestExecutionListener, org.springframework.test.context.support.DirtiesContextBeforeModesTestExecutionListener, org.springframework.test.context.event.ApplicationEventsTestExecutionListener, org.springframework.test.context.support.DependencyInjectionTestExecutionListener, org.springframework.test.context.support.DirtiesContextTestExecutionListener, org.springframework.test.context.transaction.TransactionalTestExecutionListener, org.springframework.test.context.jdbc.SqlScriptsTestExecutionListener, org.springframework.test.context.event.EventPublishingTestExecutionListener]
16:54:09.786 [Test worker] INFO org.springframework.boot.test.context.SpringBootTestContextBootstrapper - Using TestExecutionListeners: [org.springframework.test.context.web.ServletTestExecutionListener@3adbd038, org.springframework.test.context.support.DirtiesContextBeforeModesTestExecutionListener@5e976553, org.springframework.test.context.event.ApplicationEventsTestExecutionListener@3c108c05, org.springframework.boot.test.mock.mockito.MockitoTestExecutionListener@193d7ac7, org.springframework.boot.test.autoconfigure.SpringBootDependencyInjectionTestExecutionListener@7d0333c8, org.springframework.test.context.support.DirtiesContextTestExecutionListener@185b7cc6, org.springframework.test.context.transaction.TransactionalTestExecutionListener@2093bb6c, org.springframework.test.context.jdbc.SqlScriptsTestExecutionListener@528a16fb, org.springframework.test.context.event.EventPublishingTestExecutionListener@3673e211, org.springframework.boot.test.autoconfigure.restdocs.RestDocsTestExecutionListener@758d0555, org.springframework.boot.test.autoconfigure.web.client.MockRestServiceServerResetTestExecutionListener@48788853, org.springframework.boot.test.autoconfigure.web.servlet.MockMvcPrintOnlyOnFailureTestExecutionListener@4ac77269, org.springframework.boot.test.autoconfigure.web.servlet.WebDriverTestExecutionListener@638d624a, org.springframework.boot.test.autoconfigure.webservices.client.MockWebServiceServerTestExecutionListener@7eb774c3, org.springframework.boot.test.mock.mockito.ResetMocksTestExecutionListener@72015156]
16:54:09.791 [Test worker] DEBUG org.springframework.test.context.support.AbstractDirtiesContextTestExecutionListener - Before test class: context [DefaultTestContext@ea45a5b testClass = NoteServiceTest, testInstance = [null], testMethod = [null], testException = [null], mergedContextConfiguration = [WebMergedContextConfiguration@57f83c82 testClass = NoteServiceTest, locations = '{}', classes = '{class ASESpaghettiCode.TravelNoteServer.TravelNoteServerApplication}', contextInitializerClasses = '[]', activeProfiles = '{}', propertySourceLocations = '{}', propertySourceProperties = '{org.springframework.boot.test.context.SpringBootTestContextBootstrapper=true}', contextCustomizers = set[org.springframework.boot.test.autoconfigure.actuate.metrics.MetricsExportContextCustomizerFactory$DisableMetricExportContextCustomizer@1c2dd89b, org.springframework.boot.test.autoconfigure.properties.PropertyMappingContextCustomizer@0, org.springframework.boot.test.autoconfigure.web.servlet.WebDriverContextCustomizerFactory$Customizer@41143873, org.springframework.boot.test.context.filter.ExcludeFilterContextCustomizer@2e1add6f, org.springframework.boot.test.json.DuplicateJsonObjectContextCustomizerFactory$DuplicateJsonObjectContextCustomizer@5e51ec2e, org.springframework.boot.test.mock.mockito.MockitoContextCustomizer@0, org.springframework.boot.test.web.client.TestRestTemplateContextCustomizer@194911c1, org.springframework.boot.test.context.SpringBootTestArgs@1, org.springframework.boot.test.context.SpringBootTestWebEnvironment@17c2d509], resourceBasePath = 'src/main/webapp', contextLoader = 'org.springframework.boot.test.context.SpringBootContextLoader', parent = [null]], attributes = map['org.springframework.test.context.web.ServletTestExecutionListener.activateListener' -> true]], class annotated with @DirtiesContext [false] with mode [null].

  .   ____          _            __ _ _
 /\\ / ___'_ __ _ _(_)_ __  __ _ \ \ \ \
( ( )\___ | '_ | '_| | '_ \/ _` | \ \ \ \
 \\/  ___)| |_)| | | | | || (_| |  ) ) ) )
  '  |____| .__|_| |_|_| |_\__, | / / / /
 =========|_|==============|___/=/_/_/_/
 :: Spring Boot ::                (v2.7.9)

2023-05-21 16:54:12.118  INFO 33717 --- [    Test worker] A.T.Service.NoteServiceTest              : Starting NoteServiceTest using Java 11.0.18 on MacBook-Pro.local with PID 33717 (started by mac in /Users/mac/IdeaProjects/Plan2Go-travalNote-server)
2023-05-21 16:54:12.121  INFO 33717 --- [    Test worker] A.T.Service.NoteServiceTest              : No active profile set, falling back to 1 default profile: "default"
2023-05-21 16:54:13.000  INFO 33717 --- [    Test worker] .s.d.r.c.RepositoryConfigurationDelegate : Bootstrapping Spring Data Reactive MongoDB repositories in DEFAULT mode.
2023-05-21 16:54:13.228  INFO 33717 --- [    Test worker] .s.d.r.c.RepositoryConfigurationDelegate : Finished Spring Data repository scanning in 220 ms. Found 0 Reactive MongoDB repository interfaces.
2023-05-21 16:54:13.235  INFO 33717 --- [    Test worker] .s.d.r.c.RepositoryConfigurationDelegate : Bootstrapping Spring Data MongoDB repositories in DEFAULT mode.
2023-05-21 16:54:13.259  INFO 33717 --- [    Test worker] .s.d.r.c.RepositoryConfigurationDelegate : Finished Spring Data repository scanning in 22 ms. Found 2 MongoDB repository interfaces.
2023-05-21 16:54:13.925  INFO 33717 --- [    Test worker] org.mongodb.driver.client                : MongoClient with metadata {"driver": {"name": "mongo-java-driver|sync|spring-boot", "version": "4.6.1"}, "os": {"type": "Darwin", "name": "Mac OS X", "architecture": "x86_64", "version": "12.6"}, "platform": "Java/Oracle Corporation/11.0.18+9-LTS-195"} created with settings MongoClientSettings{readPreference=primary, writeConcern=WriteConcern{w=null, wTimeout=null ms, journal=null}, retryWrites=true, retryReads=true, readConcern=ReadConcern{level=null}, credential=null, streamFactoryFactory=null, commandListeners=[], codecRegistry=ProvidersCodecRegistry{codecProviders=[ValueCodecProvider{}, BsonValueCodecProvider{}, DBRefCodecProvider{}, DBObjectCodecProvider{}, DocumentCodecProvider{}, IterableCodecProvider{}, MapCodecProvider{}, GeoJsonCodecProvider{}, GridFSFileCodecProvider{}, Jsr310CodecProvider{}, JsonObjectCodecProvider{}, BsonCodecProvider{}, EnumCodecProvider{}, com.mongodb.Jep395RecordCodecProvider@156087f]}, clusterSettings={hosts=[localhost:27017], srvServiceName=mongodb, mode=SINGLE, requiredClusterType=UNKNOWN, requiredReplicaSetName='null', serverSelector='null', clusterListeners='[]', serverSelectionTimeout='30000 ms', localThreshold='30000 ms'}, socketSettings=SocketSettings{connectTimeoutMS=10000, readTimeoutMS=0, receiveBufferSize=0, sendBufferSize=0}, heartbeatSocketSettings=SocketSettings{connectTimeoutMS=10000, readTimeoutMS=10000, receiveBufferSize=0, sendBufferSize=0}, connectionPoolSettings=ConnectionPoolSettings{maxSize=100, minSize=0, maxWaitTimeMS=120000, maxConnectionLifeTimeMS=0, maxConnectionIdleTimeMS=0, maintenanceInitialDelayMS=0, maintenanceFrequencyMS=60000, connectionPoolListeners=[], maxConnecting=2}, serverSettings=ServerSettings{heartbeatFrequencyMS=10000, minHeartbeatFrequencyMS=500, serverListeners='[]', serverMonitorListeners='[]'}, sslSettings=SslSettings{enabled=false, invalidHostNameAllowed=false, context=null}, applicationName='null', compressorList=[], uuidRepresentation=JAVA_LEGACY, serverApi=null, autoEncryptionSettings=null, contextProvider=null}
2023-05-21 16:54:13.987  INFO 33717 --- [localhost:27017] org.mongodb.driver.connection            : Opened connection [connectionId{localValue:2, serverValue:255}] to localhost:27017
2023-05-21 16:54:13.987  INFO 33717 --- [localhost:27017] org.mongodb.driver.connection            : Opened connection [connectionId{localValue:1, serverValue:254}] to localhost:27017
2023-05-21 16:54:13.988  INFO 33717 --- [localhost:27017] org.mongodb.driver.cluster               : Monitor thread successfully connected to server with description ServerDescription{address=localhost:27017, type=STANDALONE, state=CONNECTED, ok=true, minWireVersion=0, maxWireVersion=17, maxDocumentSize=16777216, logicalSessionTimeoutMinutes=30, roundTripTimeNanos=41517569}
2023-05-21 16:54:15.432  INFO 33717 --- [    Test worker] org.mongodb.driver.client                : MongoClient with metadata {"driver": {"name": "mongo-java-driver|reactive-streams|spring-boot", "version": "4.6.1"}, "os": {"type": "Darwin", "name": "Mac OS X", "architecture": "x86_64", "version": "12.6"}, "platform": "Java/Oracle Corporation/11.0.18+9-LTS-195"} created with settings MongoClientSettings{readPreference=primary, writeConcern=WriteConcern{w=null, wTimeout=null ms, journal=null}, retryWrites=true, retryReads=true, readConcern=ReadConcern{level=null}, credential=null, streamFactoryFactory=null, commandListeners=[], codecRegistry=ProvidersCodecRegistry{codecProviders=[ValueCodecProvider{}, BsonValueCodecProvider{}, DBRefCodecProvider{}, DBObjectCodecProvider{}, DocumentCodecProvider{}, IterableCodecProvider{}, MapCodecProvider{}, GeoJsonCodecProvider{}, GridFSFileCodecProvider{}, Jsr310CodecProvider{}, JsonObjectCodecProvider{}, BsonCodecProvider{}, EnumCodecProvider{}, com.mongodb.Jep395RecordCodecProvider@156087f]}, clusterSettings={hosts=[localhost:27017], srvServiceName=mongodb, mode=SINGLE, requiredClusterType=UNKNOWN, requiredReplicaSetName='null', serverSelector='null', clusterListeners='[]', serverSelectionTimeout='30000 ms', localThreshold='30000 ms'}, socketSettings=SocketSettings{connectTimeoutMS=10000, readTimeoutMS=0, receiveBufferSize=0, sendBufferSize=0}, heartbeatSocketSettings=SocketSettings{connectTimeoutMS=10000, readTimeoutMS=10000, receiveBufferSize=0, sendBufferSize=0}, connectionPoolSettings=ConnectionPoolSettings{maxSize=100, minSize=0, maxWaitTimeMS=120000, maxConnectionLifeTimeMS=0, maxConnectionIdleTimeMS=0, maintenanceInitialDelayMS=0, maintenanceFrequencyMS=60000, connectionPoolListeners=[], maxConnecting=2}, serverSettings=ServerSettings{heartbeatFrequencyMS=10000, minHeartbeatFrequencyMS=500, serverListeners='[]', serverMonitorListeners='[]'}, sslSettings=SslSettings{enabled=false, invalidHostNameAllowed=false, context=null}, applicationName='null', compressorList=[], uuidRepresentation=JAVA_LEGACY, serverApi=null, autoEncryptionSettings=null, contextProvider=null}
2023-05-21 16:54:15.457  INFO 33717 --- [localhost:27017] org.mongodb.driver.connection            : Opened connection [connectionId{localValue:4, serverValue:257}] to localhost:27017
2023-05-21 16:54:15.457  INFO 33717 --- [localhost:27017] org.mongodb.driver.connection            : Opened connection [connectionId{localValue:3, serverValue:256}] to localhost:27017
2023-05-21 16:54:15.458  INFO 33717 --- [localhost:27017] org.mongodb.driver.cluster               : Monitor thread successfully connected to server with description ServerDescription{address=localhost:27017, type=STANDALONE, state=CONNECTED, ok=true, minWireVersion=0, maxWireVersion=17, maxDocumentSize=16777216, logicalSessionTimeoutMinutes=30, roundTripTimeNanos=9734871}
2023-05-21 16:54:15.579  INFO 33717 --- [    Test worker] A.T.Service.NoteServiceTest              : Started NoteServiceTest in 3.937 seconds (JVM running for 8.287)
]]></system-out>
  <system-err><![CDATA[]]></system-err>
</testsuite>
