<?xml version="1.0" encoding="UTF-8"?>
<testsuite name="ASESpaghettiCode.TravelNoteServer.Controller.CommentControllerTest" tests="4" skipped="0" failures="0" errors="0" timestamp="2023-04-27T11:14:26" hostname="DESKTOP-DP4LJM3" time="0.421">
  <properties/>
  <testcase name="deleteCommentTest()" classname="ASESpaghettiCode.TravelNoteServer.Controller.CommentControllerTest" time="0.113"/>
  <testcase name="createCommentForAGivenNoteTest()" classname="ASESpaghettiCode.TravelNoteServer.Controller.CommentControllerTest" time="0.267"/>
  <testcase name="getCommentsByNoteIdTest()" classname="ASESpaghettiCode.TravelNoteServer.Controller.CommentControllerTest" time="0.022"/>
  <testcase name="updateCommentTest()" classname="ASESpaghettiCode.TravelNoteServer.Controller.CommentControllerTest" time="0.013"/>
  <system-out><![CDATA[2023-04-27 13:14:25.288  INFO 5860 --- [    Test worker] .b.t.a.w.s.WebMvcTestContextBootstrapper : Neither @ContextConfiguration nor @ContextHierarchy found for test class [ASESpaghettiCode.TravelNoteServer.Controller.CommentControllerTest], using SpringBootContextLoader
2023-04-27 13:14:25.289  INFO 5860 --- [    Test worker] o.s.t.c.support.AbstractContextLoader    : Could not detect default resource locations for test class [ASESpaghettiCode.TravelNoteServer.Controller.CommentControllerTest]: no resource found for suffixes {-context.xml, Context.groovy}.
2023-04-27 13:14:25.289  INFO 5860 --- [    Test worker] t.c.s.AnnotationConfigContextLoaderUtils : Could not detect default configuration classes for test class [ASESpaghettiCode.TravelNoteServer.Controller.CommentControllerTest]: CommentControllerTest does not declare any static, non-private, non-final, nested classes annotated with @Configuration.
2023-04-27 13:14:25.330  INFO 5860 --- [    Test worker] .b.t.c.SpringBootTestContextBootstrapper : Found @SpringBootConfiguration ASESpaghettiCode.TravelNoteServer.TravelNoteServerApplication for test class ASESpaghettiCode.TravelNoteServer.Controller.CommentControllerTest
2023-04-27 13:14:25.333  INFO 5860 --- [    Test worker] .b.t.a.w.s.WebMvcTestContextBootstrapper : Loaded default TestExecutionListener class names from location [META-INF/spring.factories]: [org.springframework.boot.test.autoconfigure.restdocs.RestDocsTestExecutionListener, org.springframework.boot.test.autoconfigure.web.client.MockRestServiceServerResetTestExecutionListener, org.springframework.boot.test.autoconfigure.web.servlet.MockMvcPrintOnlyOnFailureTestExecutionListener, org.springframework.boot.test.autoconfigure.web.servlet.WebDriverTestExecutionListener, org.springframework.boot.test.autoconfigure.webservices.client.MockWebServiceServerTestExecutionListener, org.springframework.boot.test.mock.mockito.MockitoTestExecutionListener, org.springframework.boot.test.mock.mockito.ResetMocksTestExecutionListener, org.springframework.test.context.web.ServletTestExecutionListener, org.springframework.test.context.support.DirtiesContextBeforeModesTestExecutionListener, org.springframework.test.context.event.ApplicationEventsTestExecutionListener, org.springframework.test.context.support.DependencyInjectionTestExecutionListener, org.springframework.test.context.support.DirtiesContextTestExecutionListener, org.springframework.test.context.transaction.TransactionalTestExecutionListener, org.springframework.test.context.jdbc.SqlScriptsTestExecutionListener, org.springframework.test.context.event.EventPublishingTestExecutionListener]
2023-04-27 13:14:25.333  INFO 5860 --- [    Test worker] .b.t.a.w.s.WebMvcTestContextBootstrapper : Using TestExecutionListeners: [org.springframework.test.context.web.ServletTestExecutionListener@14c75caf, org.springframework.test.context.support.DirtiesContextBeforeModesTestExecutionListener@9ce4057, org.springframework.test.context.event.ApplicationEventsTestExecutionListener@c1add62, org.springframework.boot.test.mock.mockito.MockitoTestExecutionListener@723c7f2f, org.springframework.boot.test.autoconfigure.SpringBootDependencyInjectionTestExecutionListener@5cb077e3, org.springframework.test.context.support.DirtiesContextTestExecutionListener@278758da, org.springframework.test.context.transaction.TransactionalTestExecutionListener@7d2c6085, org.springframework.test.context.jdbc.SqlScriptsTestExecutionListener@6c78ad08, org.springframework.test.context.event.EventPublishingTestExecutionListener@3328d00b, org.springframework.boot.test.autoconfigure.restdocs.RestDocsTestExecutionListener@2e740f3c, org.springframework.boot.test.autoconfigure.web.client.MockRestServiceServerResetTestExecutionListener@30427a3f, org.springframework.boot.test.autoconfigure.web.servlet.MockMvcPrintOnlyOnFailureTestExecutionListener@197b91d2, org.springframework.boot.test.autoconfigure.web.servlet.WebDriverTestExecutionListener@6c26a27e, org.springframework.boot.test.autoconfigure.webservices.client.MockWebServiceServerTestExecutionListener@62254d29, org.springframework.boot.test.mock.mockito.ResetMocksTestExecutionListener@411550d0]

  .   ____          _            __ _ _
 /\\ / ___'_ __ _ _(_)_ __  __ _ \ \ \ \
( ( )\___ | '_ | '_| | '_ \/ _` | \ \ \ \
 \\/  ___)| |_)| | | | | || (_| |  ) ) ) )
  '  |____| .__|_| |_|_| |_\__, | / / / /
 =========|_|==============|___/=/_/_/_/
 :: Spring Boot ::                (v2.7.9)

2023-04-27 13:14:25.376  INFO 5860 --- [    Test worker] A.T.Controller.CommentControllerTest     : Starting CommentControllerTest using Java 15.0.2 on DESKTOP-DP4LJM3 with PID 5860 (started by Guan in F:\ASE\Plan2Go-travalNote-server)
2023-04-27 13:14:25.377  INFO 5860 --- [    Test worker] A.T.Controller.CommentControllerTest     : No active profile set, falling back to 1 default profile: "default"
2023-04-27 13:14:26.134  INFO 5860 --- [    Test worker] o.s.b.t.m.w.SpringBootMockServletContext : Initializing Spring TestDispatcherServlet ''
2023-04-27 13:14:26.135  INFO 5860 --- [    Test worker] o.s.t.web.servlet.TestDispatcherServlet  : Initializing Servlet ''
2023-04-27 13:14:26.136  INFO 5860 --- [    Test worker] o.s.t.web.servlet.TestDispatcherServlet  : Completed initialization in 1 ms
2023-04-27 13:14:26.155  INFO 5860 --- [    Test worker] A.T.Controller.CommentControllerTest     : Started CommentControllerTest in 0.818 seconds (JVM running for 9.85)
]]></system-out>
  <system-err><![CDATA[]]></system-err>
</testsuite>
