<?xml version="1.0" encoding="UTF-8"?>
<testsuite name="ASESpaghettiCode.TravelNoteServer.Controller.NoteControllerTest" tests="9" skipped="0" failures="0" errors="0" timestamp="2023-05-21T14:54:17" hostname="MacBook-Pro.local" time="0.169">
  <properties/>
  <testcase name="findFollowingNotesTest()" classname="ASESpaghettiCode.TravelNoteServer.Controller.NoteControllerTest" time="0.049"/>
  <testcase name="updateNoteTest()" classname="ASESpaghettiCode.TravelNoteServer.Controller.NoteControllerTest" time="0.028"/>
  <testcase name="createNoteTest()" classname="ASESpaghettiCode.TravelNoteServer.Controller.NoteControllerTest" time="0.019"/>
  <testcase name="findNotesByUser()" classname="ASESpaghettiCode.TravelNoteServer.Controller.NoteControllerTest" time="0.011"/>
  <testcase name="findAllNotesTest()" classname="ASESpaghettiCode.TravelNoteServer.Controller.NoteControllerTest" time="0.01"/>
  <testcase name="userUnlikeNoteTest()" classname="ASESpaghettiCode.TravelNoteServer.Controller.NoteControllerTest" time="0.009"/>
  <testcase name="deleteNoteTest()" classname="ASESpaghettiCode.TravelNoteServer.Controller.NoteControllerTest" time="0.007"/>
  <testcase name="userLikeNoteTest()" classname="ASESpaghettiCode.TravelNoteServer.Controller.NoteControllerTest" time="0.009"/>
  <testcase name="findNoteByIdTest()" classname="ASESpaghettiCode.TravelNoteServer.Controller.NoteControllerTest" time="0.011"/>
  <system-out><![CDATA[2023-05-21 16:54:16.910  INFO 33717 --- [    Test worker] .b.t.a.w.s.WebMvcTestContextBootstrapper : Neither @ContextConfiguration nor @ContextHierarchy found for test class [ASESpaghettiCode.TravelNoteServer.Controller.NoteControllerTest], using SpringBootContextLoader
2023-05-21 16:54:16.911  INFO 33717 --- [    Test worker] o.s.t.c.support.AbstractContextLoader    : Could not detect default resource locations for test class [ASESpaghettiCode.TravelNoteServer.Controller.NoteControllerTest]: no resource found for suffixes {-context.xml, Context.groovy}.
2023-05-21 16:54:16.912  INFO 33717 --- [    Test worker] t.c.s.AnnotationConfigContextLoaderUtils : Could not detect default configuration classes for test class [ASESpaghettiCode.TravelNoteServer.Controller.NoteControllerTest]: NoteControllerTest does not declare any static, non-private, non-final, nested classes annotated with @Configuration.
2023-05-21 16:54:16.919  INFO 33717 --- [    Test worker] .b.t.c.SpringBootTestContextBootstrapper : Found @SpringBootConfiguration ASESpaghettiCode.TravelNoteServer.TravelNoteServerApplication for test class ASESpaghettiCode.TravelNoteServer.Controller.NoteControllerTest
2023-05-21 16:54:16.921  INFO 33717 --- [    Test worker] .b.t.a.w.s.WebMvcTestContextBootstrapper : Loaded default TestExecutionListener class names from location [META-INF/spring.factories]: [org.springframework.boot.test.autoconfigure.restdocs.RestDocsTestExecutionListener, org.springframework.boot.test.autoconfigure.web.client.MockRestServiceServerResetTestExecutionListener, org.springframework.boot.test.autoconfigure.web.servlet.MockMvcPrintOnlyOnFailureTestExecutionListener, org.springframework.boot.test.autoconfigure.web.servlet.WebDriverTestExecutionListener, org.springframework.boot.test.autoconfigure.webservices.client.MockWebServiceServerTestExecutionListener, org.springframework.boot.test.mock.mockito.MockitoTestExecutionListener, org.springframework.boot.test.mock.mockito.ResetMocksTestExecutionListener, org.springframework.test.context.web.ServletTestExecutionListener, org.springframework.test.context.support.DirtiesContextBeforeModesTestExecutionListener, org.springframework.test.context.event.ApplicationEventsTestExecutionListener, org.springframework.test.context.support.DependencyInjectionTestExecutionListener, org.springframework.test.context.support.DirtiesContextTestExecutionListener, org.springframework.test.context.transaction.TransactionalTestExecutionListener, org.springframework.test.context.jdbc.SqlScriptsTestExecutionListener, org.springframework.test.context.event.EventPublishingTestExecutionListener]
2023-05-21 16:54:16.921  INFO 33717 --- [    Test worker] .b.t.a.w.s.WebMvcTestContextBootstrapper : Using TestExecutionListeners: [org.springframework.test.context.web.ServletTestExecutionListener@3c04dfb3, org.springframework.test.context.support.DirtiesContextBeforeModesTestExecutionListener@c6969b2, org.springframework.test.context.event.ApplicationEventsTestExecutionListener@784ae08f, org.springframework.boot.test.mock.mockito.MockitoTestExecutionListener@7804c542, org.springframework.boot.test.autoconfigure.SpringBootDependencyInjectionTestExecutionListener@62e764b6, org.springframework.test.context.support.DirtiesContextTestExecutionListener@2504a5a1, org.springframework.test.context.transaction.TransactionalTestExecutionListener@a657716, org.springframework.test.context.jdbc.SqlScriptsTestExecutionListener@54958dcd, org.springframework.test.context.event.EventPublishingTestExecutionListener@d8e813d, org.springframework.boot.test.autoconfigure.restdocs.RestDocsTestExecutionListener@da70480, org.springframework.boot.test.autoconfigure.web.client.MockRestServiceServerResetTestExecutionListener@2c5b1fe5, org.springframework.boot.test.autoconfigure.web.servlet.MockMvcPrintOnlyOnFailureTestExecutionListener@54d80446, org.springframework.boot.test.autoconfigure.web.servlet.WebDriverTestExecutionListener@2d26e089, org.springframework.boot.test.autoconfigure.webservices.client.MockWebServiceServerTestExecutionListener@189062a9, org.springframework.boot.test.mock.mockito.ResetMocksTestExecutionListener@6cc0f269]

  .   ____          _            __ _ _
 /\\ / ___'_ __ _ _(_)_ __  __ _ \ \ \ \
( ( )\___ | '_ | '_| | '_ \/ _` | \ \ \ \
 \\/  ___)| |_)| | | | | || (_| |  ) ) ) )
  '  |____| .__|_| |_|_| |_\__, | / / / /
 =========|_|==============|___/=/_/_/_/
 :: Spring Boot ::                (v2.7.9)

2023-05-21 16:54:16.947  INFO 33717 --- [    Test worker] A.T.Controller.NoteControllerTest        : Starting NoteControllerTest using Java 11.0.18 on MacBook-Pro.local with PID 33717 (started by mac in /Users/mac/IdeaProjects/Plan2Go-travalNote-server)
2023-05-21 16:54:16.948  INFO 33717 --- [    Test worker] A.T.Controller.NoteControllerTest        : No active profile set, falling back to 1 default profile: "default"
2023-05-21 16:54:17.714  INFO 33717 --- [    Test worker] o.s.b.t.m.w.SpringBootMockServletContext : Initializing Spring TestDispatcherServlet ''
2023-05-21 16:54:17.714  INFO 33717 --- [    Test worker] o.s.t.web.servlet.TestDispatcherServlet  : Initializing Servlet ''
2023-05-21 16:54:17.715  INFO 33717 --- [    Test worker] o.s.t.web.servlet.TestDispatcherServlet  : Completed initialization in 1 ms
2023-05-21 16:54:17.728  INFO 33717 --- [    Test worker] A.T.Controller.NoteControllerTest        : Started NoteControllerTest in 0.804 seconds (JVM running for 10.437)
controller called
]]></system-out>
  <system-err><![CDATA[]]></system-err>
</testsuite>
